<?xml version="1.0" encoding="UTF-8"?>
<!-- Generated by org.testng.reporters.JUnitReportReporter -->
<testsuite hostname="SPICITY906" name="TestNGtutor.Day4" tests="5" failures="1" timestamp="10 Jul 2019 07:15:02 GMT" time="0.019" errors="0">
  <testcase name="MobileSignin" time="0.000" classname="TestNGtutor.Day4">
    <failure type="org.testng.TestNGException" message="
Parameter &#039;URL&#039; is required by @Test on method MobileSignin but has not been marked @Optional or defined
in C:\Users\naveen.n\eclipse-workspace-sagar\TestNG\testng2.xml">
      <![CDATA[org.testng.TestNGException: 
Parameter 'URL' is required by @Test on method MobileSignin but has not been marked @Optional or defined
in C:\Users\naveen.n\eclipse-workspace-sagar\TestNG\testng2.xml
	at org.testng.internal.Parameters.createParameters(Parameters.java:155)
	at org.testng.internal.Parameters.createParameters(Parameters.java:358)
	at org.testng.internal.Parameters.handleParameters(Parameters.java:450)
	at org.testng.internal.Invoker.handleParameters(Invoker.java:1383)
	at org.testng.internal.Invoker.createParameters(Invoker.java:1075)
	at org.testng.internal.Invoker.invokeTestMethods(Invoker.java:1180)
	at org.testng.internal.TestMethodWorker.invokeTestMethods(TestMethodWorker.java:127)
	at org.testng.internal.TestMethodWorker.run(TestMethodWorker.java:111)
	at org.testng.TestRunner.privateRun(TestRunner.java:767)
	at org.testng.TestRunner.run(TestRunner.java:617)
	at org.testng.SuiteRunner.runTest(SuiteRunner.java:334)
	at org.testng.SuiteRunner.runSequentially(SuiteRunner.java:329)
	at org.testng.SuiteRunner.privateRun(SuiteRunner.java:291)
	at org.testng.SuiteRunner.run(SuiteRunner.java:240)
	at org.testng.SuiteRunnerWorker.runSuite(SuiteRunnerWorker.java:52)
	at org.testng.SuiteRunnerWorker.run(SuiteRunnerWorker.java:86)
	at org.testng.TestNG.runSuitesSequentially(TestNG.java:1224)
	at org.testng.TestNG.runSuitesLocally(TestNG.java:1149)
	at org.testng.TestNG.run(TestNG.java:1057)
	at org.testng.TestNG.privateMain(TestNG.java:1364)
	at org.testng.TestNG.main(TestNG.java:1333)
]]>
    </failure>
  </testcase> <!-- MobileSignin -->
  <testcase name="MobileSignoff" time="0.000" classname="TestNGtutor.Day4"/>
  <testcase name="APILoginHomeLoan" time="0.000" classname="TestNGtutor.Day4"/>
  <testcase name="WebLoginHomeLoan" time="0.001" classname="TestNGtutor.Day4"/>
  <testcase name="MobileLoginHomeLoan" time="0.018" classname="TestNGtutor.Day4"/>
</testsuite> <!-- TestNGtutor.Day4 -->
