<?xml version="1.0" encoding="UTF-8"?>
<!-- Generated by org.testng.reporters.JUnitXMLReporter -->
<testsuite hostname="SPICITY906" ignored="4" name="Personalloan" tests="17" failures="1" timestamp="11 Jun 2019 09:22:26 GMT" time="25.754" errors="0">
  <testcase name="MobileLoginHomeLoan" time="0.008" classname="TestNGtutor.Day4"/>
  <testcase name="MobileSignin" time="0.004" classname="TestNGtutor.Day4"/>
  <testcase name="MobileSignoff" time="0.001" classname="TestNGtutor.Day4"/>
  <testcase name="MobileLoginCarLoan" time="0.001" classname="TestNGtutor.TestBase"/>
  <testcase name="MobileLoginCarLoan" time="0.001" classname="TestNGtutor.TestBase"/>
  <testcase name="MobileLoginCarLoan" time="0.001" classname="TestNGtutor.TestBase"/>
  <testcase name="Demo" time="9.123" classname="TestNGtutor.Day1"/>
  <testcase name="WebLoginCarLoan" time="0.001" classname="TestNGtutor.TestBase"/>
  <testcase name="login" time="10.397" classname="TestNGtutor.TestBase"/>
  <testcase name="paersonal" time="0.001" classname="TestNGtutor.Day2"/>
  <testcase name="MobileLoginCarLoan" time="0.005" classname="TestNGtutor.TestBase"/>
  <testcase name="MobileLoginCarLoan" time="0.002" classname="TestNGtutor.TestBase"/>
  <testcase name="MobileLoginCarLoan" time="0.0" classname="TestNGtutor.TestBase"/>
  <testcase name="WebLoginCarLoan" time="0.001" classname="TestNGtutor.TestBase"/>
  <testcase name="login" time="6.104" classname="TestNGtutor.TestBase">
    <failure type="org.openqa.selenium.SessionNotCreatedException" message="session not created exception
from chrome not reachable
  (Session info: chrome=74.0.3729.169)
  (Driver info: chromedriver=2.40.565498 (ea082db3280dd6843ebfb08a625e3eb905c4f5ab),platform=Windows NT 6.1.7601 SP1 x86_64) (WARNING: The server did not provide any stacktrace information)
Command duration or timeout: 5.47 seconds
Build info: version: &amp;apos;3.141.59&amp;apos;, revision: &amp;apos;e82be7d358&amp;apos;, time: &amp;apos;2018-11-14T08:25:53&amp;apos;
System info: host: &amp;apos;SPICITY906&amp;apos;, ip: &amp;apos;10.0.100.88&amp;apos;, os.name: &amp;apos;Windows 7&amp;apos;, os.arch: &amp;apos;amd64&amp;apos;, os.version: &amp;apos;6.1&amp;apos;, java.version: &amp;apos;1.8.0_60&amp;apos;
Driver info: driver.version: ChromeDriver">
      <![CDATA[org.openqa.selenium.SessionNotCreatedException: session not created exception
from chrome not reachable
  (Session info: chrome=74.0.3729.169)
  (Driver info: chromedriver=2.40.565498 (ea082db3280dd6843ebfb08a625e3eb905c4f5ab),platform=Windows NT 6.1.7601 SP1 x86_64) (WARNING: The server did not provide any stacktrace information)
Command duration or timeout: 5.47 seconds
Build info: version: '3.141.59', revision: 'e82be7d358', time: '2018-11-14T08:25:53'
System info: host: 'SPICITY906', ip: '10.0.100.88', os.name: 'Windows 7', os.arch: 'amd64', os.version: '6.1', java.version: '1.8.0_60'
Driver info: driver.version: ChromeDriver
at org.openqa.selenium.remote.ErrorHandler.createThrowable(ErrorHandler.java:214)
at org.openqa.selenium.remote.ErrorHandler.throwIfResponseFailed(ErrorHandler.java:166)
at org.openqa.selenium.remote.JsonWireProtocolResponse.lambda$errorHandler$0(JsonWireProtocolResponse.java:54)
at org.openqa.selenium.remote.HandshakeResponse.lambda$getResponseFunction$0(HandshakeResponse.java:30)
at org.openqa.selenium.remote.ProtocolHandshake.lambda$createSession$0(ProtocolHandshake.java:126)
at java.util.stream.ReferencePipeline$3$1.accept(Unknown Source)
at java.util.Spliterators$ArraySpliterator.tryAdvance(Unknown Source)
at java.util.stream.ReferencePipeline.forEachWithCancel(Unknown Source)
at java.util.stream.AbstractPipeline.copyIntoWithCancel(Unknown Source)
at java.util.stream.AbstractPipeline.copyInto(Unknown Source)
at java.util.stream.AbstractPipeline.wrapAndCopyInto(Unknown Source)
at java.util.stream.FindOps$FindOp.evaluateSequential(Unknown Source)
at java.util.stream.AbstractPipeline.evaluate(Unknown Source)
at java.util.stream.ReferencePipeline.findFirst(Unknown Source)
at org.openqa.selenium.remote.ProtocolHandshake.createSession(ProtocolHandshake.java:128)
at org.openqa.selenium.remote.ProtocolHandshake.createSession(ProtocolHandshake.java:74)
at org.openqa.selenium.remote.HttpCommandExecutor.execute(HttpCommandExecutor.java:136)
at org.openqa.selenium.remote.service.DriverCommandExecutor.execute(DriverCommandExecutor.java:83)
at org.openqa.selenium.remote.RemoteWebDriver.execute(RemoteWebDriver.java:552)
at org.openqa.selenium.remote.RemoteWebDriver.startSession(RemoteWebDriver.java:213)
at org.openqa.selenium.remote.RemoteWebDriver.<init>(RemoteWebDriver.java:131)
at org.openqa.selenium.chrome.ChromeDriver.<init>(ChromeDriver.java:181)
at org.openqa.selenium.chrome.ChromeDriver.<init>(ChromeDriver.java:168)
at org.openqa.selenium.chrome.ChromeDriver.<init>(ChromeDriver.java:123)
at TestNGtutor.TestBase.login(TestBase.java:67)
at java.util.concurrent.FutureTask.run(Unknown Source)
at java.util.concurrent.ThreadPoolExecutor.runWorker(Unknown Source)
at java.util.concurrent.ThreadPoolExecutor$Worker.run(Unknown Source)
at java.lang.Thread.run(Unknown Source)
... Removed 20 stack frames]]>
    </failure>
  </testcase> <!-- login -->
  <testcase name="APILoginCarLoan" time="0.002" classname="TestNGtutor.TestBase"/>
  <testcase name="APILoginCarLoan" time="0.002" classname="TestNGtutor.TestBase"/>
  <testcase name="Demo2" time="0.0" classname="TestNGtutor.Day1">
    <ignored/>
  </testcase> <!-- Demo2 -->
  <testcase name="WebLoginHomeLoan" time="0.0" classname="TestNGtutor.Day4">
    <ignored/>
  </testcase> <!-- WebLoginHomeLoan -->
  <testcase name="@AfterTest AfterTest" time="0.0" classname="TestNGtutor.TestBase">
    <ignored/>
  </testcase> <!-- @AfterTest AfterTest -->
  <testcase name="APILoginHomeLoan" time="0.0" classname="TestNGtutor.Day4">
    <ignored/>
  </testcase> <!-- APILoginHomeLoan -->
</testsuite> <!-- Personalloan -->
