<?xml version="1.0" encoding="UTF-8"?>
<!-- Generated by org.testng.reporters.JUnitXMLReporter -->
<testsuite hostname="SPICITY906" ignored="4" name="Regression" tests="7" failures="2" timestamp="10 Jun 2019 12:58:02 GMT" time="0.106" errors="0">
  <testcase name="Demo" time="0.007" classname="TestNGtutor.Day1"/>
  <testcase name="MobileLoginCarLoan" time="0.001" classname="TestNGtutor.Day3"/>
  <testcase name="WebLoginCarLoan" time="0.0" classname="TestNGtutor.Day3">
    <failure type="org.testng.TestNGException" message="
Parameter &amp;apos;URL&amp;apos; is required by @Test on method WebLoginCarLoan but has not been marked @Optional or defined
in C:\Users\naveen.n\eclipse-workspace-sagar\TestNG\testng3.xml">
      <![CDATA[org.testng.TestNGException: 
Parameter 'URL' is required by @Test on method WebLoginCarLoan but has not been marked @Optional or defined
in C:\Users\naveen.n\eclipse-workspace-sagar\TestNG\testng3.xml
... Removed 24 stack frames]]>
    </failure>
  </testcase> <!-- WebLoginCarLoan -->
  <testcase name="APILoginCarLoan" time="0.001" classname="TestNGtutor.Day3"/>
  <testcase name="MobileLoginHomeLoan" time="0.011" classname="TestNGtutor.Day4"/>
  <testcase name="MobileSignin" time="0.0" classname="TestNGtutor.Day4">
    <failure type="org.testng.TestNGException" message="
Parameter &amp;apos;URL&amp;apos; is required by @Test on method MobileSignin but has not been marked @Optional or defined
in C:\Users\naveen.n\eclipse-workspace-sagar\TestNG\testng3.xml">
      <![CDATA[org.testng.TestNGException: 
Parameter 'URL' is required by @Test on method MobileSignin but has not been marked @Optional or defined
in C:\Users\naveen.n\eclipse-workspace-sagar\TestNG\testng3.xml
... Removed 24 stack frames]]>
    </failure>
  </testcase> <!-- MobileSignin -->
  <testcase name="MobileSignoff" time="0.002" classname="TestNGtutor.Day4"/>
  <testcase name="Demo2" time="0.0" classname="TestNGtutor.Day1">
    <ignored/>
  </testcase> <!-- Demo2 -->
  <testcase name="paersonal" time="0.0" classname="TestNGtutor.Day2">
    <ignored/>
  </testcase> <!-- paersonal -->
  <testcase name="WebLoginHomeLoan" time="0.0" classname="TestNGtutor.Day4">
    <ignored/>
  </testcase> <!-- WebLoginHomeLoan -->
  <testcase name="APILoginHomeLoan" time="0.0" classname="TestNGtutor.Day4">
    <ignored/>
  </testcase> <!-- APILoginHomeLoan -->
</testsuite> <!-- Regression -->
